Build started 3/18/2015 8:14:01 PM.
     1>Project "C:\Users\nozery\Documents\GitHub\CRP\FormTemplate\FormTemplate\FormTemplate.vcxproj" on node 2 (rebuild target(s)).
     1>_PrepareForClean:
         Deleting file "Debug\FormTemplate.lastbuildstate".
       InitializeBuildStatus:
         Creating "Debug\FormTemplate.unsuccessfulbuild" because "AlwaysCreate" was specified.
       ClCompile:
         c:\Program Files (x86)\Microsoft Visual Studio 10.0\VC\bin\CL.exe /c /I../../ /ZI /nologo /W3 /WX- /Od /Oy- /D WIN32 /D _DEBUG /D _CONSOLE /D _UNICODE /D UNICODE /Gm /EHsc /RTC1 /MDd /GS /fp:precise /Zc:wchar_t /Zc:forScope /Yc"StdAfx.h" /Fp"Debug\FormTemplate.pch" /Fo"Debug\\" /Fd"Debug\vc100.pdb" /Gd /TP /analyze- /errorReport:prompt stdafx.cpp
         stdafx.cpp
         c:\Program Files (x86)\Microsoft Visual Studio 10.0\VC\bin\CL.exe /c /I../../ /ZI /nologo /W3 /WX- /Od /Oy- /D WIN32 /D _DEBUG /D _CONSOLE /D _UNICODE /D UNICODE /Gm /EHsc /RTC1 /MDd /GS /fp:precise /Zc:wchar_t /Zc:forScope /Yu"StdAfx.h" /Fp"Debug\FormTemplate.pch" /Fo"Debug\\" /Fd"Debug\vc100.pdb" /Gd /TP /analyze- /errorReport:prompt FormTemplate.cpp
         FormTemplate.cpp
     1>c:\users\nozery\documents\github\crp\tesseract\include\tesseract\strngs.h(61): warning C4996: 'strncpy': This function or variable may be unsafe. Consider using strncpy_s instead. To disable deprecation, use _CRT_SECURE_NO_WARNINGS. See online help for details.
                 c:\program files (x86)\microsoft visual studio 10.0\vc\include\string.h(188) : see declaration of 'strncpy'
     1>c:\users\nozery\documents\github\crp\tesseract\include\tesseract\unicharset.h(47): warning C4996: 'strncpy': This function or variable may be unsafe. Consider using strncpy_s instead. To disable deprecation, use _CRT_SECURE_NO_WARNINGS. See online help for details.
                 c:\program files (x86)\microsoft visual studio 10.0\vc\include\string.h(188) : see declaration of 'strncpy'
     1>c:\users\nozery\documents\github\crp\tesseract\include\tesseract\unicharset.h(274): warning C4996: 'fopen': This function or variable may be unsafe. Consider using fopen_s instead. To disable deprecation, use _CRT_SECURE_NO_WARNINGS. See online help for details.
                 c:\program files (x86)\microsoft visual studio 10.0\vc\include\stdio.h(234) : see declaration of 'fopen'
     1>c:\users\nozery\documents\github\crp\tesseract\include\tesseract\unicharset.h(299): warning C4996: 'fopen': This function or variable may be unsafe. Consider using fopen_s instead. To disable deprecation, use _CRT_SECURE_NO_WARNINGS. See online help for details.
                 c:\program files (x86)\microsoft visual studio 10.0\vc\include\stdio.h(234) : see declaration of 'fopen'
     1>c:\users\nozery\documents\github\crp\leptonica\include\leptonica\environ.h(277): warning C4005: 'snprintf' : macro redefinition
                 c:\users\nozery\documents\github\crp\tesseract\include\tesseract\platform.h(33) : see previous definition of 'snprintf'
     1>c:\users\nozery\documents\github\crp\leptonica\include\leptonica\pix.h(169): warning C4305: 'initializing' : truncation from 'double' to 'const l_float32'
     1>c:\users\nozery\documents\github\crp\leptonica\include\leptonica\pix.h(171): warning C4305: 'initializing' : truncation from 'double' to 'const l_float32'
       ManifestResourceCompile:
         c:\Program Files (x86)\Microsoft SDKs\Windows\v7.0A\bin\rc.exe /nologo /fo"Debug\FormTemplate.exe.embed.manifest.res" Debug\FormTemplate_manifest.rc 
       Link:
         c:\Program Files (x86)\Microsoft Visual Studio 10.0\VC\bin\link.exe /ERRORREPORT:PROMPT /OUT:"C:\Users\nozery\Documents\GitHub\CRP\FormTemplate\Debug\FormTemplate.exe" /INCREMENTAL /NOLOGO /LIBPATH:C:\Users\nozery\Documents\GitHub\CRP\FormTemplate\FormTemplate\../../tesseract/lib /LIBPATH:C:\Users\nozery\Documents\GitHub\CRP\FormTemplate\FormTemplate\../../leptonica/lib libtesseract302.lib liblept168.lib kernel32.lib user32.lib gdi32.lib winspool.lib comdlg32.lib advapi32.lib shell32.lib ole32.lib oleaut32.lib uuid.lib odbc32.lib odbccp32.lib /MANIFEST /ManifestFile:"Debug\FormTemplate.exe.intermediate.manifest" /MANIFESTUAC:"level='asInvoker' uiAccess='false'" /DEBUG /PDB:"C:\Users\nozery\Documents\GitHub\CRP\FormTemplate\Debug\FormTemplate.pdb" /SUBSYSTEM:CONSOLE /TLBID:1 /DYNAMICBASE /NXCOMPAT /IMPLIB:"C:\Users\nozery\Documents\GitHub\CRP\FormTemplate\Debug\FormTemplate.lib" /MACHINE:X86 Debug\FormTemplate.exe.embed.manifest.res
         Debug\FormTemplate.obj
         Debug\stdafx.obj
       Manifest:
         Deleting file "Debug\FormTemplate.exe.embed.manifest".
         c:\Program Files (x86)\Microsoft SDKs\Windows\v7.0A\bin\mt.exe /nologo /verbose /out:"Debug\FormTemplate.exe.embed.manifest" /manifest Debug\FormTemplate.exe.intermediate.manifest
         c:\Program Files (x86)\Microsoft SDKs\Windows\v7.0A\bin\rc.exe /nologo /fo"Debug\FormTemplate.exe.embed.manifest.res" Debug\FormTemplate_manifest.rc 
       LinkEmbedManifest:
         c:\Program Files (x86)\Microsoft Visual Studio 10.0\VC\bin\link.exe /ERRORREPORT:PROMPT /OUT:"C:\Users\nozery\Documents\GitHub\CRP\FormTemplate\Debug\FormTemplate.exe" /INCREMENTAL /NOLOGO /LIBPATH:C:\Users\nozery\Documents\GitHub\CRP\FormTemplate\FormTemplate\../../tesseract/lib /LIBPATH:C:\Users\nozery\Documents\GitHub\CRP\FormTemplate\FormTemplate\../../leptonica/lib libtesseract302.lib liblept168.lib kernel32.lib user32.lib gdi32.lib winspool.lib comdlg32.lib advapi32.lib shell32.lib ole32.lib oleaut32.lib uuid.lib odbc32.lib odbccp32.lib /MANIFEST /ManifestFile:"Debug\FormTemplate.exe.intermediate.manifest" /MANIFESTUAC:"level='asInvoker' uiAccess='false'" /DEBUG /PDB:"C:\Users\nozery\Documents\GitHub\CRP\FormTemplate\Debug\FormTemplate.pdb" /SUBSYSTEM:CONSOLE /TLBID:1 /DYNAMICBASE /NXCOMPAT /IMPLIB:"C:\Users\nozery\Documents\GitHub\CRP\FormTemplate\Debug\FormTemplate.lib" /MACHINE:X86 Debug\FormTemplate.exe.embed.manifest.res
         Debug\FormTemplate.obj
         Debug\stdafx.obj
         FormTemplate.vcxproj -> C:\Users\nozery\Documents\GitHub\CRP\FormTemplate\Debug\FormTemplate.exe
       FinalizeBuildStatus:
         Deleting file "Debug\FormTemplate.unsuccessfulbuild".
         Touching "Debug\FormTemplate.lastbuildstate".
     1>Done Building Project "C:\Users\nozery\Documents\GitHub\CRP\FormTemplate\FormTemplate\FormTemplate.vcxproj" (rebuild target(s)).

Build succeeded.

Time Elapsed 00:00:02.44
