C:\USERS\NOZERY\DOCUMENTS\GITHUB\CRP\FORMTEMPLATE\DEBUG\FORMTEMPLATE.EXE
C:\USERS\NOZERY\DOCUMENTS\GITHUB\CRP\FORMTEMPLATE\DEBUG\FORMTEMPLATE.ILK
C:\USERS\NOZERY\DOCUMENTS\GITHUB\CRP\FORMTEMPLATE\DEBUG\FORMTEMPLATE.PDB
C:\Users\nozery\Documents\GitHub\CRP\FormTemplate\FormTemplate\Debug\cl.command.1.tlog
C:\Users\nozery\Documents\GitHub\CRP\FormTemplate\FormTemplate\Debug\CL.read.1.tlog
C:\Users\nozery\Documents\GitHub\CRP\FormTemplate\FormTemplate\Debug\CL.write.1.tlog
C:\Users\nozery\Documents\GitHub\CRP\FormTemplate\FormTemplate\Debug\FormTemplate.exe.embed.manifest
C:\USERS\NOZERY\DOCUMENTS\GITHUB\CRP\FORMTEMPLATE\FORMTEMPLATE\DEBUG\FORMTEMPLATE.EXE.EMBED.MANIFEST.RES
C:\USERS\NOZERY\DOCUMENTS\GITHUB\CRP\FORMTEMPLATE\FORMTEMPLATE\DEBUG\FORMTEMPLATE.EXE.INTERMEDIATE.MANIFEST
C:\USERS\NOZERY\DOCUMENTS\GITHUB\CRP\FORMTEMPLATE\FORMTEMPLATE\DEBUG\FORMTEMPLATE.OBJ
C:\USERS\NOZERY\DOCUMENTS\GITHUB\CRP\FORMTEMPLATE\FORMTEMPLATE\DEBUG\FORMTEMPLATE.PCH
C:\Users\nozery\Documents\GitHub\CRP\FormTemplate\FormTemplate\Debug\FormTemplate.vcxprojResolveAssemblyReference.cache
C:\Users\nozery\Documents\GitHub\CRP\FormTemplate\FormTemplate\Debug\FormTemplate.write.1.tlog
C:\Users\nozery\Documents\GitHub\CRP\FormTemplate\FormTemplate\Debug\FormTemplate_manifest.rc
C:\Users\nozery\Documents\GitHub\CRP\FormTemplate\FormTemplate\Debug\link.16512.read.1.tlog
C:\Users\nozery\Documents\GitHub\CRP\FormTemplate\FormTemplate\Debug\link.16512.write.1.tlog
C:\Users\nozery\Documents\GitHub\CRP\FormTemplate\FormTemplate\Debug\link.16512-cvtres.read.1.tlog
C:\Users\nozery\Documents\GitHub\CRP\FormTemplate\FormTemplate\Debug\link.16512-cvtres.write.1.tlog
C:\Users\nozery\Documents\GitHub\CRP\FormTemplate\FormTemplate\Debug\link.3968.read.1.tlog
C:\Users\nozery\Documents\GitHub\CRP\FormTemplate\FormTemplate\Debug\link.3968.write.1.tlog
C:\Users\nozery\Documents\GitHub\CRP\FormTemplate\FormTemplate\Debug\link.3968-cvtres.read.1.tlog
C:\Users\nozery\Documents\GitHub\CRP\FormTemplate\FormTemplate\Debug\link.3968-cvtres.write.1.tlog
C:\Users\nozery\Documents\GitHub\CRP\FormTemplate\FormTemplate\Debug\link.command.1.tlog
C:\Users\nozery\Documents\GitHub\CRP\FormTemplate\FormTemplate\Debug\link.read.1.tlog
C:\Users\nozery\Documents\GitHub\CRP\FormTemplate\FormTemplate\Debug\link.write.1.tlog
C:\Users\nozery\Documents\GitHub\CRP\FormTemplate\FormTemplate\Debug\link-cvtres.read.1.tlog
C:\Users\nozery\Documents\GitHub\CRP\FormTemplate\FormTemplate\Debug\link-cvtres.write.1.tlog
C:\Users\nozery\Documents\GitHub\CRP\FormTemplate\FormTemplate\Debug\mt.command.1.tlog
C:\Users\nozery\Documents\GitHub\CRP\FormTemplate\FormTemplate\Debug\mt.read.1.tlog
C:\Users\nozery\Documents\GitHub\CRP\FormTemplate\FormTemplate\Debug\mt.write.1.tlog
C:\Users\nozery\Documents\GitHub\CRP\FormTemplate\FormTemplate\Debug\rc.command.1.tlog
C:\Users\nozery\Documents\GitHub\CRP\FormTemplate\FormTemplate\Debug\rc.read.1.tlog
C:\Users\nozery\Documents\GitHub\CRP\FormTemplate\FormTemplate\Debug\rc.write.1.tlog
C:\USERS\NOZERY\DOCUMENTS\GITHUB\CRP\FORMTEMPLATE\FORMTEMPLATE\DEBUG\STDAFX.OBJ
C:\Users\nozery\Documents\GitHub\CRP\FormTemplate\FormTemplate\Debug\vc100.idb
C:\USERS\NOZERY\DOCUMENTS\GITHUB\CRP\FORMTEMPLATE\FORMTEMPLATE\DEBUG\VC100.PDB
C:\USERS\NOZERY\DOCUMENTS\PROJECTS\FORMTEMPLATE\DEBUG\FORMTEMPLATE.EXE
C:\USERS\NOZERY\DOCUMENTS\PROJECTS\FORMTEMPLATE\DEBUG\FORMTEMPLATE.ILK
C:\USERS\NOZERY\DOCUMENTS\PROJECTS\FORMTEMPLATE\DEBUG\FORMTEMPLATE.PDB
C:\USERS\NOZERY\DOCUMENTS\PROJECTS\FORMTEMPLATE\FORMTEMPLATE\DEBUG\FORMTEMPLATE.EXE.EMBED.MANIFEST
C:\USERS\NOZERY\DOCUMENTS\PROJECTS\FORMTEMPLATE\FORMTEMPLATE\DEBUG\FORMTEMPLATE.EXE.EMBED.MANIFEST.RES
C:\USERS\NOZERY\DOCUMENTS\PROJECTS\FORMTEMPLATE\FORMTEMPLATE\DEBUG\FORMTEMPLATE.EXE.INTERMEDIATE.MANIFEST
C:\USERS\NOZERY\DOCUMENTS\PROJECTS\FORMTEMPLATE\FORMTEMPLATE\DEBUG\FORMTEMPLATE.OBJ
C:\USERS\NOZERY\DOCUMENTS\PROJECTS\FORMTEMPLATE\FORMTEMPLATE\DEBUG\FORMTEMPLATE.PCH
C:\USERS\NOZERY\DOCUMENTS\PROJECTS\FORMTEMPLATE\FORMTEMPLATE\DEBUG\STDAFX.OBJ
C:\USERS\NOZERY\DOCUMENTS\PROJECTS\FORMTEMPLATE\FORMTEMPLATE\DEBUG\VC100.PDB
