C:\USERS\NOZERY\DOCUMENTS\GITHUB\CRP\CRP\DEBUG\FORMTEMPLATE.EXE
C:\USERS\NOZERY\DOCUMENTS\GITHUB\CRP\CRP\DEBUG\FORMTEMPLATE.ILK
C:\USERS\NOZERY\DOCUMENTS\GITHUB\CRP\CRP\DEBUG\FORMTEMPLATE.PDB
C:\Users\nozery\Documents\GitHub\CRP\CRP\FormTemplate\Debug\cl.command.1.tlog
C:\Users\nozery\Documents\GitHub\CRP\CRP\FormTemplate\Debug\CL.read.1.tlog
C:\Users\nozery\Documents\GitHub\CRP\CRP\FormTemplate\Debug\CL.write.1.tlog
C:\USERS\NOZERY\DOCUMENTS\GITHUB\CRP\CRP\FORMTEMPLATE\DEBUG\FORMTEMPLATE.EXE.EMBED.MANIFEST
C:\USERS\NOZERY\DOCUMENTS\GITHUB\CRP\CRP\FORMTEMPLATE\DEBUG\FORMTEMPLATE.EXE.EMBED.MANIFEST.RES
C:\USERS\NOZERY\DOCUMENTS\GITHUB\CRP\CRP\FORMTEMPLATE\DEBUG\FORMTEMPLATE.EXE.INTERMEDIATE.MANIFEST
C:\USERS\NOZERY\DOCUMENTS\GITHUB\CRP\CRP\FORMTEMPLATE\DEBUG\FORMTEMPLATE.OBJ
C:\USERS\NOZERY\DOCUMENTS\GITHUB\CRP\CRP\FORMTEMPLATE\DEBUG\FORMTEMPLATE.PCH
C:\Users\nozery\Documents\GitHub\CRP\CRP\FormTemplate\Debug\FormTemplate.write.1.tlog
C:\Users\nozery\Documents\GitHub\CRP\CRP\FormTemplate\Debug\FormTemplate_manifest.rc
C:\Users\nozery\Documents\GitHub\CRP\CRP\FormTemplate\Debug\link.1468.read.1.tlog
C:\Users\nozery\Documents\GitHub\CRP\CRP\FormTemplate\Debug\link.1468.write.1.tlog
C:\Users\nozery\Documents\GitHub\CRP\CRP\FormTemplate\Debug\link.1468-cvtres.read.1.tlog
C:\Users\nozery\Documents\GitHub\CRP\CRP\FormTemplate\Debug\link.1468-cvtres.write.1.tlog
C:\Users\nozery\Documents\GitHub\CRP\CRP\FormTemplate\Debug\link.command.1.tlog
C:\Users\nozery\Documents\GitHub\CRP\CRP\FormTemplate\Debug\link.read.1.tlog
C:\Users\nozery\Documents\GitHub\CRP\CRP\FormTemplate\Debug\link.write.1.tlog
C:\Users\nozery\Documents\GitHub\CRP\CRP\FormTemplate\Debug\link-cvtres.read.1.tlog
C:\Users\nozery\Documents\GitHub\CRP\CRP\FormTemplate\Debug\link-cvtres.write.1.tlog
C:\Users\nozery\Documents\GitHub\CRP\CRP\FormTemplate\Debug\mt.command.1.tlog
C:\Users\nozery\Documents\GitHub\CRP\CRP\FormTemplate\Debug\mt.read.1.tlog
C:\Users\nozery\Documents\GitHub\CRP\CRP\FormTemplate\Debug\mt.write.1.tlog
C:\Users\nozery\Documents\GitHub\CRP\CRP\FormTemplate\Debug\rc.command.1.tlog
C:\Users\nozery\Documents\GitHub\CRP\CRP\FormTemplate\Debug\rc.read.1.tlog
C:\Users\nozery\Documents\GitHub\CRP\CRP\FormTemplate\Debug\rc.write.1.tlog
C:\USERS\NOZERY\DOCUMENTS\GITHUB\CRP\CRP\FORMTEMPLATE\DEBUG\STDAFX.OBJ
C:\Users\nozery\Documents\GitHub\CRP\CRP\FormTemplate\Debug\vc100.idb
C:\USERS\NOZERY\DOCUMENTS\GITHUB\CRP\CRP\FORMTEMPLATE\DEBUG\VC100.PDB
